Connected to MongoDB: paperly_db
python : Traceback (most recent call last):
At line:1 char:1
+ python manage.py check 2>&1 | Out-File -Encoding utf8 check_error_2.t ...
+ ~~~~~~~~~~~~~~~~~~~~~~~~~~~
    + CategoryInfo              : NotSpe    cified: (Traceba    ck (most recent     call last)::Stri    ng) [], RemoteEx    ception
    + FullyQualified    ErrorId : Native    CommandError
 
  File "C:\Users\ADMIN\AppData\Local\Programs\Python\Python310\lib\site-packages\django\apps\registry.py", line 158, in get_app_config
    return self.app_configs[app_label]
KeyError: 'auth'

During handling of the above exception, another exception occurred:

Traceback (most recent call last):
  File "C:\Users\ADMIN\AppData\Local\Programs\Python\Python310\lib\site-packages\django\contrib\auth\__init__.py", line 283, in get_user_model
    return django_apps.get_model(settings.AUTH_USER_MODEL, require_ready=False)
  File "C:\Users\ADMIN\AppData\Local\Programs\Python\Python310\lib\site-packages\django\apps\registry.py", line 208, in get_model
    app_config = self.get_app_config(app_label)
  File "C:\Users\ADMIN\AppData\Local\Programs\Python\Python310\lib\site-packages\django\apps\registry.py", line 165, in get_app_config
    raise LookupError(message)
LookupError: No installed app with label 'auth'.

During handling of the above exception, another exception occurred:

Traceback (most recent call last):
  File "F:\Downloads\PAPERLY\backend\manage.py", line 22, in <module>
    main()
  File "F:\Downloads\PAPERLY\backend\manage.py", line 18, in main
    execute_from_command_line(sys.argv)
  File "C:\Users\ADMIN\AppData\Local\Programs\Python\Python310\lib\site-packages\django\core\management\__init__.py", line 442, in 
execute_from_command_line
    utility.execute()
  File "C:\Users\ADMIN\AppData\Local\Programs\Python\Python310\lib\site-packages\django\core\management\__init__.py", line 436, in execute
    self.fetch_command(subcommand).run_from_argv(self.argv)
  File "C:\Users\ADMIN\AppData\Local\Programs\Python\Python310\lib\site-packages\django\core\management\base.py", line 420, in run_from_argv
    self.execute(*args, **cmd_options)
  File "C:\Users\ADMIN\AppData\Local\Programs\Python\Python310\lib\site-packages\django\core\management\base.py", line 464, in execute
    output = self.handle(*args, **options)
  File "C:\Users\ADMIN\AppData\Local\Programs\Python\Python310\lib\site-packages\django\core\management\commands\check.py", line 81, in handle
    self.check(
  File "C:\Users\ADMIN\AppData\Local\Programs\Python\Python310\lib\site-packages\django\core\management\base.py", line 496, in check
    all_issues = checks.run_checks(
  File "C:\Users\ADMIN\AppData\Local\Programs\Python\Python310\lib\site-packages\django\core\checks\registry.py", line 89, in run_checks
    new_errors = check(app_configs=app_configs, databases=databases)
  File "C:\Users\ADMIN\AppData\Local\Programs\Python\Python310\lib\site-packages\django\core\checks\urls.py", line 44, in check_url_namespaces_unique
    all_namespaces = _load_all_namespaces(resolver)
  File "C:\Users\ADMIN\AppData\Local\Programs\Python\Python310\lib\site-packages\django\core\checks\urls.py", line 63, in _load_all_namespaces
    url_patterns = getattr(resolver, "url_patterns", [])
  File "C:\Users\ADMIN\AppData\Local\Programs\Python\Python310\lib\site-packages\django\utils\functional.py", line 47, in __get__
    res = instance.__dict__[self.name] = self.func(instance)
  File "C:\Users\ADMIN\AppData\Local\Programs\Python\Python310\lib\site-packages\django\urls\resolvers.py", line 718, in url_patterns
    patterns = getattr(self.urlconf_module, "urlpatterns", self.urlconf_module)
  File "C:\Users\ADMIN\AppData\Local\Programs\Python\Python310\lib\site-packages\django\utils\functional.py", line 47, in __get__
    res = instance.__dict__[self.name] = self.func(instance)
  File "C:\Users\ADMIN\AppData\Local\Programs\Python\Python310\lib\site-packages\django\urls\resolvers.py", line 711, in urlconf_module
    return import_module(self.urlconf_name)
  File "C:\Users\ADMIN\AppData\Local\Programs\Python\Python310\lib\importlib\__init__.py", line 126, in import_module
    return _bootstrap._gcd_import(name[level:], package, level)
  File "<frozen importlib._bootstrap>", line 1050, in _gcd_import
  File "<frozen importlib._bootstrap>", line 1027, in _find_and_load
  File "<frozen importlib._bootstrap>", line 1006, in _find_and_load_unlocked
  File "<frozen importlib._bootstrap>", line 688, in _load_unlocked
  File "<frozen importlib._bootstrap_external>", line 883, in exec_module
  File "<frozen importlib._bootstrap>", line 241, in _call_with_frames_removed
  File "F:\Downloads\PAPERLY\backend\paperly_project\urls.py", line 16, in <module>
    path('api/analytics/', include('apps.analytics.urls')),
  File "C:\Users\ADMIN\AppData\Local\Programs\Python\Python310\lib\site-packages\django\urls\conf.py", line 39, in include
    urlconf_module = import_module(urlconf_module)
  File "C:\Users\ADMIN\AppData\Local\Programs\Python\Python310\lib\importlib\__init__.py", line 126, in import_module
    return _bootstrap._gcd_import(name[level:], package, level)
  File "<frozen importlib._bootstrap>", line 1050, in _gcd_import
  File "<frozen importlib._bootstrap>", line 1027, in _find_and_load
  File "<frozen importlib._bootstrap>", line 1006, in _find_and_load_unlocked
  File "<frozen importlib._bootstrap>", line 688, in _load_unlocked
  File "<frozen importlib._bootstrap_external>", line 883, in exec_module
  File "<frozen importlib._bootstrap>", line 241, in _call_with_frames_removed
  File "F:\Downloads\PAPERLY\backend\apps\analytics\urls.py", line 2, in <module>
    from .views import DashboardStatsView
  File "F:\Downloads\PAPERLY\backend\apps\analytics\views.py", line 7, in <module>
    User = get_user_model()
  File "C:\Users\ADMIN\AppData\Local\Programs\Python\Python310\lib\site-packages\django\contrib\auth\__init__.py", line 289, in get_user_model
    raise ImproperlyConfigured(
django.core.exceptions.ImproperlyConfigured: AUTH_USER_MODEL refers to model 'auth.User' that has not been installed
