Traceback (most recent call last):
  File "C:\Users\ADMIN\Desktop\PAPERLY\backend\test_mongo.py", line 24, in <module>
    client.admin.command('ping')
  File "C:\Users\ADMIN\Desktop\PAPERLY\.venv\lib\site-packages\pymongo\_csot.py", line 125, in csot_wrapper
    return func(self, *args, **kwargs)
  File "C:\Users\ADMIN\Desktop\PAPERLY\.venv\lib\site-packages\pymongo\synchronous\database.py", line 934, in command
    with self._client._conn_for_reads(read_preference, session, operation=command_name) as (
  File "C:\Users\ADMIN\Desktop\PAPERLY\.venv\lib\site-packages\pymongo\synchronous\mongo_client.py", line 1885, in _conn_for_reads
    server = self._select_server(read_preference, session, operation)
  File "C:\Users\ADMIN\Desktop\PAPERLY\.venv\lib\site-packages\pymongo\synchronous\mongo_client.py", line 1833, in _select_server
    server = topology.select_server(
  File "C:\Users\ADMIN\Desktop\PAPERLY\.venv\lib\site-packages\pymongo\synchronous\topology.py", line 428, in select_server
    server = self._select_server(
  File "C:\Users\ADMIN\Desktop\PAPERLY\.venv\lib\site-packages\pymongo\synchronous\topology.py", line 402, in _select_server
    servers = self.select_servers(
  File "C:\Users\ADMIN\Desktop\PAPERLY\.venv\lib\site-packages\pymongo\synchronous\topology.py", line 298, in select_servers
    server_descriptions = self._select_servers_loop(
  File "C:\Users\ADMIN\Desktop\PAPERLY\.venv\lib\site-packages\pymongo\synchronous\topology.py", line 359, in _select_servers_loop
    raise ServerSelectionTimeoutError(
pymongo.errors.ServerSelectionTimeoutError: SSL handshake failed: ac-xcx4liq-shard-00-02.oukof0w.mongodb.net:27017: [SSL: TLSV1_ALERT_INTERNAL_ERROR] tlsv1 alert internal error (_ssl.c:997) (configured timeouts: socketTimeoutMS: 20000.0ms, connectTimeoutMS: 20000.0ms),SSL handshake failed: ac-xcx4liq-shard-00-01.oukof0w.mongodb.net:27017: [SSL: TLSV1_ALERT_INTERNAL_ERROR] tlsv1 alert internal error (_ssl.c:997) (configured timeouts: socketTimeoutMS: 20000.0ms, connectTimeoutMS: 20000.0ms),SSL handshake failed: ac-xcx4liq-shard-00-00.oukof0w.mongodb.net:27017: [SSL: TLSV1_ALERT_INTERNAL_ERROR] tlsv1 alert internal error (_ssl.c:997) (configured timeouts: socketTimeoutMS: 20000.0ms, connectTimeoutMS: 20000.0ms), Timeout: 5.0s, Topology Description: <TopologyDescription id: 6998837695ee3b590490e89c, topology_type: ReplicaSetNoPrimary, servers: [<ServerDescription ('ac-xcx4liq-shard-00-00.oukof0w.mongodb.net', 27017) server_type: Unknown, rtt: None, error=AutoReconnect('SSL handshake failed: ac-xcx4liq-shard-00-00.oukof0w.mongodb.net:27017: [SSL: TLSV1_ALERT_INTERNAL_ERROR] tlsv1 alert internal error (_ssl.c:997) (configured timeouts: socketTimeoutMS: 20000.0ms, connectTimeoutMS: 20000.0ms)')>, <ServerDescription ('ac-xcx4liq-shard-00-01.oukof0w.mongodb.net', 27017) server_type: Unknown, rtt: None, error=AutoReconnect('SSL handshake failed: ac-xcx4liq-shard-00-01.oukof0w.mongodb.net:27017: [SSL: TLSV1_ALERT_INTERNAL_ERROR] tlsv1 alert internal error (_ssl.c:997) (configured timeouts: socketTimeoutMS: 20000.0ms, connectTimeoutMS: 20000.0ms)')>, <ServerDescription ('ac-xcx4liq-shard-00-02.oukof0w.mongodb.net', 27017) server_type: Unknown, rtt: None, error=AutoReconnect('SSL handshake failed: ac-xcx4liq-shard-00-02.oukof0w.mongodb.net:27017: [SSL: TLSV1_ALERT_INTERNAL_ERROR] tlsv1 alert internal error (_ssl.c:997) (configured timeouts: socketTimeoutMS: 20000.0ms, connectTimeoutMS: 20000.0ms)')>]>
Traceback (most recent call last):
  File "C:\Users\ADMIN\Desktop\PAPERLY\backend\test_mongo.py", line 24, in <module>
    client.admin.command('ping')
  File "C:\Users\ADMIN\Desktop\PAPERLY\.venv\lib\site-packages\pymongo\_csot.py", line 125, in csot_wrapper
    return func(self, *args, **kwargs)
  File "C:\Users\ADMIN\Desktop\PAPERLY\.venv\lib\site-packages\pymongo\synchronous\database.py", line 934, in command
    with self._client._conn_for_reads(read_preference, session, operation=command_name) as (
  File "C:\Users\ADMIN\Desktop\PAPERLY\.venv\lib\site-packages\pymongo\synchronous\mongo_client.py", line 1885, in _conn_for_reads
    server = self._select_server(read_preference, session, operation)
  File "C:\Users\ADMIN\Desktop\PAPERLY\.venv\lib\site-packages\pymongo\synchronous\mongo_client.py", line 1833, in _select_server
    server = topology.select_server(
  File "C:\Users\ADMIN\Desktop\PAPERLY\.venv\lib\site-packages\pymongo\synchronous\topology.py", line 428, in select_server
    server = self._select_server(
  File "C:\Users\ADMIN\Desktop\PAPERLY\.venv\lib\site-packages\pymongo\synchronous\topology.py", line 402, in _select_server
    servers = self.select_servers(
  File "C:\Users\ADMIN\Desktop\PAPERLY\.venv\lib\site-packages\pymongo\synchronous\topology.py", line 298, in select_servers
    server_descriptions = self._select_servers_loop(
  File "C:\Users\ADMIN\Desktop\PAPERLY\.venv\lib\site-packages\pymongo\synchronous\topology.py", line 359, in _select_servers_loop
    raise ServerSelectionTimeoutError(
pymongo.errors.ServerSelectionTimeoutError: SSL handshake failed: ac-xcx4liq-shard-00-02.oukof0w.mongodb.net:27017: [SSL: TLSV1_ALERT_INTERNAL_ERROR] tlsv1 alert internal error (_ssl.c:997) (configured timeouts: socketTimeoutMS: 20000.0ms, connectTimeoutMS: 20000.0ms),SSL handshake failed: ac-xcx4liq-shard-00-01.oukof0w.mongodb.net:27017: [SSL: TLSV1_ALERT_INTERNAL_ERROR] tlsv1 alert internal error (_ssl.c:997) (configured timeouts: socketTimeoutMS: 20000.0ms, connectTimeoutMS: 20000.0ms),SSL handshake failed: ac-xcx4liq-shard-00-00.oukof0w.mongodb.net:27017: [SSL: TLSV1_ALERT_INTERNAL_ERROR] tlsv1 alert internal error (_ssl.c:997) (configured timeouts: socketTimeoutMS: 20000.0ms, connectTimeoutMS: 20000.0ms), Timeout: 5.0s, Topology Description: <TopologyDescription id: 6998837695ee3b590490e89c, topology_type: ReplicaSetNoPrimary, servers: [<ServerDescription ('ac-xcx4liq-shard-00-00.oukof0w.mongodb.net', 27017) server_type: Unknown, rtt: None, error=AutoReconnect('SSL handshake failed: ac-xcx4liq-shard-00-00.oukof0w.mongodb.net:27017: [SSL: TLSV1_ALERT_INTERNAL_ERROR] tlsv1 alert internal error (_ssl.c:997) (configured timeouts: socketTimeoutMS: 20000.0ms, connectTimeoutMS: 20000.0ms)')>, <ServerDescription ('ac-xcx4liq-shard-00-01.oukof0w.mongodb.net', 27017) server_type: Unknown, rtt: None, error=AutoReconnect('SSL handshake failed: ac-xcx4liq-shard-00-01.oukof0w.mongodb.net:27017: [SSL: TLSV1_ALERT_INTERNAL_ERROR] tlsv1 alert internal error (_ssl.c:997) (configured timeouts: socketTimeoutMS: 20000.0ms, connectTimeoutMS: 20000.0ms)')>, <ServerDescription ('ac-xcx4liq-shard-00-02.oukof0w.mongodb.net', 27017) server_type: Unknown, rtt: None, error=AutoReconnect('SSL handshake failed: ac-xcx4liq-shard-00-02.oukof0w.mongodb.net:27017: [SSL: TLSV1_ALERT_INTERNAL_ERROR] tlsv1 alert internal error (_ssl.c:997) (configured timeouts: socketTimeoutMS: 20000.0ms, connectTimeoutMS: 20000.0ms)')>]>

During handling of the above exception, another exception occurred:

Traceback (most recent call last):
  File "C:\Users\ADMIN\Desktop\PAPERLY\backend\test_mongo.py", line 32, in <module>
    client.admin.command('ping')
  File "C:\Users\ADMIN\Desktop\PAPERLY\.venv\lib\site-packages\pymongo\_csot.py", line 125, in csot_wrapper
    return func(self, *args, **kwargs)
  File "C:\Users\ADMIN\Desktop\PAPERLY\.venv\lib\site-packages\pymongo\synchronous\database.py", line 934, in command
    with self._client._conn_for_reads(read_preference, session, operation=command_name) as (
  File "C:\Users\ADMIN\Desktop\PAPERLY\.venv\lib\site-packages\pymongo\synchronous\mongo_client.py", line 1885, in _conn_for_reads
    server = self._select_server(read_preference, session, operation)
  File "C:\Users\ADMIN\Desktop\PAPERLY\.venv\lib\site-packages\pymongo\synchronous\mongo_client.py", line 1833, in _select_server
    server = topology.select_server(
  File "C:\Users\ADMIN\Desktop\PAPERLY\.venv\lib\site-packages\pymongo\synchronous\topology.py", line 428, in select_server
    server = self._select_server(
  File "C:\Users\ADMIN\Desktop\PAPERLY\.venv\lib\site-packages\pymongo\synchronous\topology.py", line 402, in _select_server
    servers = self.select_servers(
  File "C:\Users\ADMIN\Desktop\PAPERLY\.venv\lib\site-packages\pymongo\synchronous\topology.py", line 298, in select_servers
    server_descriptions = self._select_servers_loop(
  File "C:\Users\ADMIN\Desktop\PAPERLY\.venv\lib\site-packages\pymongo\synchronous\topology.py", line 359, in _select_servers_loop
    raise ServerSelectionTimeoutError(
pymongo.errors.ServerSelectionTimeoutError: SSL handshake failed: ac-xcx4liq-shard-00-02.oukof0w.mongodb.net:27017: [SSL: TLSV1_ALERT_INTERNAL_ERROR] tlsv1 alert internal error (_ssl.c:997) (configured timeouts: socketTimeoutMS: 20000.0ms, connectTimeoutMS: 20000.0ms),SSL handshake failed: ac-xcx4liq-shard-00-01.oukof0w.mongodb.net:27017: [SSL: TLSV1_ALERT_INTERNAL_ERROR] tlsv1 alert internal error (_ssl.c:997) (configured timeouts: socketTimeoutMS: 20000.0ms, connectTimeoutMS: 20000.0ms),SSL handshake failed: ac-xcx4liq-shard-00-00.oukof0w.mongodb.net:27017: [SSL: TLSV1_ALERT_INTERNAL_ERROR] tlsv1 alert internal error (_ssl.c:997) (configured timeouts: socketTimeoutMS: 20000.0ms, connectTimeoutMS: 20000.0ms), Timeout: 5.0s, Topology Description: <TopologyDescription id: 6998837b95ee3b590490e89d, topology_type: ReplicaSetNoPrimary, servers: [<ServerDescription ('ac-xcx4liq-shard-00-00.oukof0w.mongodb.net', 27017) server_type: Unknown, rtt: None, error=AutoReconnect('SSL handshake failed: ac-xcx4liq-shard-00-00.oukof0w.mongodb.net:27017: [SSL: TLSV1_ALERT_INTERNAL_ERROR] tlsv1 alert internal error (_ssl.c:997) (configured timeouts: socketTimeoutMS: 20000.0ms, connectTimeoutMS: 20000.0ms)')>, <ServerDescription ('ac-xcx4liq-shard-00-01.oukof0w.mongodb.net', 27017) server_type: Unknown, rtt: None, error=AutoReconnect('SSL handshake failed: ac-xcx4liq-shard-00-01.oukof0w.mongodb.net:27017: [SSL: TLSV1_ALERT_INTERNAL_ERROR] tlsv1 alert internal error (_ssl.c:997) (configured timeouts: socketTimeoutMS: 20000.0ms, connectTimeoutMS: 20000.0ms)')>, <ServerDescription ('ac-xcx4liq-shard-00-02.oukof0w.mongodb.net', 27017) server_type: Unknown, rtt: None, error=AutoReconnect('SSL handshake failed: ac-xcx4liq-shard-00-02.oukof0w.mongodb.net:27017: [SSL: TLSV1_ALERT_INTERNAL_ERROR] tlsv1 alert internal error (_ssl.c:997) (configured timeouts: socketTimeoutMS: 20000.0ms, connectTimeoutMS: 20000.0ms)')>]>
Testing URI: mongodb+srv://kit27cse306_db_user:sandeepCR07@cluster0.oukof0w.mongodb.net/?appName=Cluster0
Attempting with tlsAllowInvalidCertificates=True
